<?xml version="1.0" encoding="UTF-8"?>
<testsuite xmlns:xsi="http://www.w3.org/2001/XMLSchema-instance" xsi:noNamespaceSchemaLocation="https://maven.apache.org/surefire/maven-surefire-plugin/xsd/surefire-test-report.xsd" version="3.0.2" name="com.pay_my_buddy.OC_P6.unitaire.controller.TransactionControllerTest" time="0.65" tests="1" errors="0" skipped="0" failures="0">
  <properties>
    <property name="java.specification.version" value="17"/>
    <property name="sun.cpu.isalist" value="amd64"/>
    <property name="sun.jnu.encoding" value="Cp1252"/>
    <property name="java.class.path" value="C:\Users\AGOUROU GUSTAVE\Downloads\Open Classroom\P6\OC_P6\target\test-classes;C:\Users\AGOUROU GUSTAVE\Downloads\Open Classroom\P6\OC_P6\target\classes;C:\Users\AGOUROU GUSTAVE\.m2\repository\org\springframework\boot\spring-boot-starter-web\3.4.5\spring-boot-starter-web-3.4.5.jar;C:\Users\AGOUROU GUSTAVE\.m2\repository\org\springframework\boot\spring-boot-starter\3.4.5\spring-boot-starter-3.4.5.jar;C:\Users\AGOUROU GUSTAVE\.m2\repository\org\springframework\boot\spring-boot-starter-logging\3.4.5\spring-boot-starter-logging-3.4.5.jar;C:\Users\AGOUROU GUSTAVE\.m2\repository\ch\qos\logback\logback-classic\1.5.18\logback-classic-1.5.18.jar;C:\Users\AGOUROU GUSTAVE\.m2\repository\ch\qos\logback\logback-core\1.5.18\logback-core-1.5.18.jar;C:\Users\AGOUROU GUSTAVE\.m2\repository\org\apache\logging\log4j\log4j-to-slf4j\2.24.3\log4j-to-slf4j-2.24.3.jar;C:\Users\AGOUROU GUSTAVE\.m2\repository\org\apache\logging\log4j\log4j-api\2.24.3\log4j-api-2.24.3.jar;C:\Users\AGOUROU GUSTAVE\.m2\repository\org\slf4j\jul-to-slf4j\2.0.17\jul-to-slf4j-2.0.17.jar;C:\Users\AGOUROU GUSTAVE\.m2\repository\jakarta\annotation\jakarta.annotation-api\2.1.1\jakarta.annotation-api-2.1.1.jar;C:\Users\AGOUROU GUSTAVE\.m2\repository\org\yaml\snakeyaml\2.3\snakeyaml-2.3.jar;C:\Users\AGOUROU GUSTAVE\.m2\repository\org\springframework\boot\spring-boot-starter-json\3.4.5\spring-boot-starter-json-3.4.5.jar;C:\Users\AGOUROU GUSTAVE\.m2\repository\com\fasterxml\jackson\datatype\jackson-datatype-jdk8\2.18.3\jackson-datatype-jdk8-2.18.3.jar;C:\Users\AGOUROU GUSTAVE\.m2\repository\com\fasterxml\jackson\datatype\jackson-datatype-jsr310\2.18.3\jackson-datatype-jsr310-2.18.3.jar;C:\Users\AGOUROU GUSTAVE\.m2\repository\com\fasterxml\jackson\module\jackson-module-parameter-names\2.18.3\jackson-module-parameter-names-2.18.3.jar;C:\Users\AGOUROU GUSTAVE\.m2\repository\org\springframework\boot\spring-boot-starter-tomcat\3.4.5\spring-boot-starter-tomcat-3.4.5.jar;C:\Users\AGOUROU GUSTAVE\.m2\repository\org\apache\tomcat\embed\tomcat-embed-core\10.1.40\tomcat-embed-core-10.1.40.jar;C:\Users\AGOUROU GUSTAVE\.m2\repository\org\apache\tomcat\embed\tomcat-embed-websocket\10.1.40\tomcat-embed-websocket-10.1.40.jar;C:\Users\AGOUROU GUSTAVE\.m2\repository\org\springframework\spring-web\6.2.6\spring-web-6.2.6.jar;C:\Users\AGOUROU GUSTAVE\.m2\repository\org\springframework\spring-beans\6.2.6\spring-beans-6.2.6.jar;C:\Users\AGOUROU GUSTAVE\.m2\repository\org\springframework\spring-webmvc\6.2.6\spring-webmvc-6.2.6.jar;C:\Users\AGOUROU GUSTAVE\.m2\repository\org\springframework\spring-context\6.2.6\spring-context-6.2.6.jar;C:\Users\AGOUROU GUSTAVE\.m2\repository\org\springframework\spring-expression\6.2.6\spring-expression-6.2.6.jar;C:\Users\AGOUROU GUSTAVE\.m2\repository\org\springframework\boot\spring-boot-starter-data-jpa\3.4.5\spring-boot-starter-data-jpa-3.4.5.jar;C:\Users\AGOUROU GUSTAVE\.m2\repository\org\springframework\boot\spring-boot-starter-jdbc\3.4.5\spring-boot-starter-jdbc-3.4.5.jar;C:\Users\AGOUROU GUSTAVE\.m2\repository\com\zaxxer\HikariCP\5.1.0\HikariCP-5.1.0.jar;C:\Users\AGOUROU GUSTAVE\.m2\repository\org\springframework\spring-jdbc\6.2.6\spring-jdbc-6.2.6.jar;C:\Users\AGOUROU GUSTAVE\.m2\repository\org\hibernate\orm\hibernate-core\6.6.13.Final\hibernate-core-6.6.13.Final.jar;C:\Users\AGOUROU GUSTAVE\.m2\repository\jakarta\persistence\jakarta.persistence-api\3.1.0\jakarta.persistence-api-3.1.0.jar;C:\Users\AGOUROU GUSTAVE\.m2\repository\jakarta\transaction\jakarta.transaction-api\2.0.1\jakarta.transaction-api-2.0.1.jar;C:\Users\AGOUROU GUSTAVE\.m2\repository\org\jboss\logging\jboss-logging\3.6.1.Final\jboss-logging-3.6.1.Final.jar;C:\Users\AGOUROU GUSTAVE\.m2\repository\org\hibernate\common\hibernate-commons-annotations\7.0.3.Final\hibernate-commons-annotations-7.0.3.Final.jar;C:\Users\AGOUROU GUSTAVE\.m2\repository\io\smallrye\jandex\3.2.0\jandex-3.2.0.jar;C:\Users\AGOUROU GUSTAVE\.m2\repository\com\fasterxml\classmate\1.7.0\classmate-1.7.0.jar;C:\Users\AGOUROU GUSTAVE\.m2\repository\net\bytebuddy\byte-buddy\1.15.11\byte-buddy-1.15.11.jar;C:\Users\AGOUROU GUSTAVE\.m2\repository\org\glassfish\jaxb\jaxb-runtime\4.0.5\jaxb-runtime-4.0.5.jar;C:\Users\AGOUROU GUSTAVE\.m2\repository\org\glassfish\jaxb\jaxb-core\4.0.5\jaxb-core-4.0.5.jar;C:\Users\AGOUROU GUSTAVE\.m2\repository\org\eclipse\angus\angus-activation\2.0.2\angus-activation-2.0.2.jar;C:\Users\AGOUROU GUSTAVE\.m2\repository\org\glassfish\jaxb\txw2\4.0.5\txw2-4.0.5.jar;C:\Users\AGOUROU GUSTAVE\.m2\repository\com\sun\istack\istack-commons-runtime\4.1.2\istack-commons-runtime-4.1.2.jar;C:\Users\AGOUROU GUSTAVE\.m2\repository\jakarta\inject\jakarta.inject-api\2.0.1\jakarta.inject-api-2.0.1.jar;C:\Users\AGOUROU GUSTAVE\.m2\repository\org\antlr\antlr4-runtime\4.13.0\antlr4-runtime-4.13.0.jar;C:\Users\AGOUROU GUSTAVE\.m2\repository\org\springframework\data\spring-data-jpa\3.4.5\spring-data-jpa-3.4.5.jar;C:\Users\AGOUROU GUSTAVE\.m2\repository\org\springframework\data\spring-data-commons\3.4.5\spring-data-commons-3.4.5.jar;C:\Users\AGOUROU GUSTAVE\.m2\repository\org\springframework\spring-orm\6.2.6\spring-orm-6.2.6.jar;C:\Users\AGOUROU GUSTAVE\.m2\repository\org\springframework\spring-tx\6.2.6\spring-tx-6.2.6.jar;C:\Users\AGOUROU GUSTAVE\.m2\repository\org\slf4j\slf4j-api\2.0.17\slf4j-api-2.0.17.jar;C:\Users\AGOUROU GUSTAVE\.m2\repository\org\springframework\spring-aspects\6.2.6\spring-aspects-6.2.6.jar;C:\Users\AGOUROU GUSTAVE\.m2\repository\org\aspectj\aspectjweaver\1.9.24\aspectjweaver-1.9.24.jar;C:\Users\AGOUROU GUSTAVE\.m2\repository\org\springframework\boot\spring-boot-starter-security\3.4.5\spring-boot-starter-security-3.4.5.jar;C:\Users\AGOUROU GUSTAVE\.m2\repository\org\springframework\spring-aop\6.2.6\spring-aop-6.2.6.jar;C:\Users\AGOUROU GUSTAVE\.m2\repository\org\springframework\security\spring-security-config\6.4.5\spring-security-config-6.4.5.jar;C:\Users\AGOUROU GUSTAVE\.m2\repository\org\springframework\security\spring-security-web\6.4.5\spring-security-web-6.4.5.jar;C:\Users\AGOUROU GUSTAVE\.m2\repository\org\springframework\boot\spring-boot-starter-actuator\3.4.5\spring-boot-starter-actuator-3.4.5.jar;C:\Users\AGOUROU GUSTAVE\.m2\repository\org\springframework\boot\spring-boot-actuator-autoconfigure\3.4.5\spring-boot-actuator-autoconfigure-3.4.5.jar;C:\Users\AGOUROU GUSTAVE\.m2\repository\org\springframework\boot\spring-boot-actuator\3.4.5\spring-boot-actuator-3.4.5.jar;C:\Users\AGOUROU GUSTAVE\.m2\repository\io\micrometer\micrometer-observation\1.14.6\micrometer-observation-1.14.6.jar;C:\Users\AGOUROU GUSTAVE\.m2\repository\io\micrometer\micrometer-commons\1.14.6\micrometer-commons-1.14.6.jar;C:\Users\AGOUROU GUSTAVE\.m2\repository\io\micrometer\micrometer-jakarta9\1.14.6\micrometer-jakarta9-1.14.6.jar;C:\Users\AGOUROU GUSTAVE\.m2\repository\io\micrometer\micrometer-core\1.14.6\micrometer-core-1.14.6.jar;C:\Users\AGOUROU GUSTAVE\.m2\repository\org\hdrhistogram\HdrHistogram\2.2.2\HdrHistogram-2.2.2.jar;C:\Users\AGOUROU GUSTAVE\.m2\repository\org\latencyutils\LatencyUtils\2.0.3\LatencyUtils-2.0.3.jar;C:\Users\AGOUROU GUSTAVE\.m2\repository\org\springframework\boot\spring-boot-starter-thymeleaf\3.4.5\spring-boot-starter-thymeleaf-3.4.5.jar;C:\Users\AGOUROU GUSTAVE\.m2\repository\org\thymeleaf\thymeleaf-spring6\3.1.3.RELEASE\thymeleaf-spring6-3.1.3.RELEASE.jar;C:\Users\AGOUROU GUSTAVE\.m2\repository\org\thymeleaf\thymeleaf\3.1.3.RELEASE\thymeleaf-3.1.3.RELEASE.jar;C:\Users\AGOUROU GUSTAVE\.m2\repository\org\attoparser\attoparser\2.0.7.RELEASE\attoparser-2.0.7.RELEASE.jar;C:\Users\AGOUROU GUSTAVE\.m2\repository\org\unbescape\unbescape\1.1.6.RELEASE\unbescape-1.1.6.RELEASE.jar;C:\Users\AGOUROU GUSTAVE\.m2\repository\org\springframework\boot\spring-boot-starter-validation\3.4.5\spring-boot-starter-validation-3.4.5.jar;C:\Users\AGOUROU GUSTAVE\.m2\repository\org\apache\tomcat\embed\tomcat-embed-el\10.1.40\tomcat-embed-el-10.1.40.jar;C:\Users\AGOUROU GUSTAVE\.m2\repository\org\hibernate\validator\hibernate-validator\8.0.2.Final\hibernate-validator-8.0.2.Final.jar;C:\Users\AGOUROU GUSTAVE\.m2\repository\jakarta\validation\jakarta.validation-api\3.0.2\jakarta.validation-api-3.0.2.jar;C:\Users\AGOUROU GUSTAVE\.m2\repository\org\springframework\boot\spring-boot-devtools\3.4.5\spring-boot-devtools-3.4.5.jar;C:\Users\AGOUROU GUSTAVE\.m2\repository\org\springframework\boot\spring-boot\3.4.5\spring-boot-3.4.5.jar;C:\Users\AGOUROU GUSTAVE\.m2\repository\org\springframework\boot\spring-boot-autoconfigure\3.4.5\spring-boot-autoconfigure-3.4.5.jar;C:\Users\AGOUROU GUSTAVE\.m2\repository\org\projectlombok\lombok\1.18.38\lombok-1.18.38.jar;C:\Users\AGOUROU GUSTAVE\.m2\repository\com\mysql\mysql-connector-j\9.1.0\mysql-connector-j-9.1.0.jar;C:\Users\AGOUROU GUSTAVE\.m2\repository\org\springframework\boot\spring-boot-starter-test\3.4.5\spring-boot-starter-test-3.4.5.jar;C:\Users\AGOUROU GUSTAVE\.m2\repository\org\springframework\boot\spring-boot-test\3.4.5\spring-boot-test-3.4.5.jar;C:\Users\AGOUROU GUSTAVE\.m2\repository\org\springframework\boot\spring-boot-test-autoconfigure\3.4.5\spring-boot-test-autoconfigure-3.4.5.jar;C:\Users\AGOUROU GUSTAVE\.m2\repository\com\jayway\jsonpath\json-path\2.9.0\json-path-2.9.0.jar;C:\Users\AGOUROU GUSTAVE\.m2\repository\jakarta\xml\bind\jakarta.xml.bind-api\4.0.2\jakarta.xml.bind-api-4.0.2.jar;C:\Users\AGOUROU GUSTAVE\.m2\repository\jakarta\activation\jakarta.activation-api\2.1.3\jakarta.activation-api-2.1.3.jar;C:\Users\AGOUROU GUSTAVE\.m2\repository\net\minidev\json-smart\2.5.2\json-smart-2.5.2.jar;C:\Users\AGOUROU GUSTAVE\.m2\repository\net\minidev\accessors-smart\2.5.2\accessors-smart-2.5.2.jar;C:\Users\AGOUROU GUSTAVE\.m2\repository\org\ow2\asm\asm\9.7.1\asm-9.7.1.jar;C:\Users\AGOUROU GUSTAVE\.m2\repository\org\assertj\assertj-core\3.26.3\assertj-core-3.26.3.jar;C:\Users\AGOUROU GUSTAVE\.m2\repository\org\awaitility\awaitility\4.2.2\awaitility-4.2.2.jar;C:\Users\AGOUROU GUSTAVE\.m2\repository\org\hamcrest\hamcrest\2.2\hamcrest-2.2.jar;C:\Users\AGOUROU GUSTAVE\.m2\repository\org\junit\jupiter\junit-jupiter\5.11.4\junit-jupiter-5.11.4.jar;C:\Users\AGOUROU GUSTAVE\.m2\repository\org\junit\jupiter\junit-jupiter-api\5.11.4\junit-jupiter-api-5.11.4.jar;C:\Users\AGOUROU GUSTAVE\.m2\repository\org\opentest4j\opentest4j\1.3.0\opentest4j-1.3.0.jar;C:\Users\AGOUROU GUSTAVE\.m2\repository\org\junit\platform\junit-platform-commons\1.11.4\junit-platform-commons-1.11.4.jar;C:\Users\AGOUROU GUSTAVE\.m2\repository\org\apiguardian\apiguardian-api\1.1.2\apiguardian-api-1.1.2.jar;C:\Users\AGOUROU GUSTAVE\.m2\repository\org\junit\jupiter\junit-jupiter-params\5.11.4\junit-jupiter-params-5.11.4.jar;C:\Users\AGOUROU GUSTAVE\.m2\repository\org\junit\jupiter\junit-jupiter-engine\5.11.4\junit-jupiter-engine-5.11.4.jar;C:\Users\AGOUROU GUSTAVE\.m2\repository\org\junit\platform\junit-platform-engine\1.11.4\junit-platform-engine-1.11.4.jar;C:\Users\AGOUROU GUSTAVE\.m2\repository\org\mockito\mockito-core\5.14.2\mockito-core-5.14.2.jar;C:\Users\AGOUROU GUSTAVE\.m2\repository\net\bytebuddy\byte-buddy-agent\1.15.11\byte-buddy-agent-1.15.11.jar;C:\Users\AGOUROU GUSTAVE\.m2\repository\org\objenesis\objenesis\3.3\objenesis-3.3.jar;C:\Users\AGOUROU GUSTAVE\.m2\repository\org\mockito\mockito-junit-jupiter\5.14.2\mockito-junit-jupiter-5.14.2.jar;C:\Users\AGOUROU GUSTAVE\.m2\repository\org\skyscreamer\jsonassert\1.5.3\jsonassert-1.5.3.jar;C:\Users\AGOUROU GUSTAVE\.m2\repository\com\vaadin\external\google\android-json\0.0.20131108.vaadin1\android-json-0.0.20131108.vaadin1.jar;C:\Users\AGOUROU GUSTAVE\.m2\repository\org\springframework\spring-core\6.2.6\spring-core-6.2.6.jar;C:\Users\AGOUROU GUSTAVE\.m2\repository\org\springframework\spring-jcl\6.2.6\spring-jcl-6.2.6.jar;C:\Users\AGOUROU GUSTAVE\.m2\repository\org\springframework\spring-test\6.2.6\spring-test-6.2.6.jar;C:\Users\AGOUROU GUSTAVE\.m2\repository\org\xmlunit\xmlunit-core\2.10.0\xmlunit-core-2.10.0.jar;C:\Users\AGOUROU GUSTAVE\.m2\repository\org\springframework\security\spring-security-test\6.4.5\spring-security-test-6.4.5.jar;C:\Users\AGOUROU GUSTAVE\.m2\repository\org\springframework\security\spring-security-core\6.4.5\spring-security-core-6.4.5.jar;C:\Users\AGOUROU GUSTAVE\.m2\repository\org\springframework\security\spring-security-crypto\6.4.5\spring-security-crypto-6.4.5.jar;C:\Users\AGOUROU GUSTAVE\.m2\repository\io\jsonwebtoken\jjwt-api\0.12.6\jjwt-api-0.12.6.jar;C:\Users\AGOUROU GUSTAVE\.m2\repository\io\jsonwebtoken\jjwt-impl\0.12.6\jjwt-impl-0.12.6.jar;C:\Users\AGOUROU GUSTAVE\.m2\repository\io\jsonwebtoken\jjwt-jackson\0.12.6\jjwt-jackson-0.12.6.jar;C:\Users\AGOUROU GUSTAVE\.m2\repository\com\fasterxml\jackson\core\jackson-databind\2.18.3\jackson-databind-2.18.3.jar;C:\Users\AGOUROU GUSTAVE\.m2\repository\com\fasterxml\jackson\core\jackson-annotations\2.18.3\jackson-annotations-2.18.3.jar;C:\Users\AGOUROU GUSTAVE\.m2\repository\com\fasterxml\jackson\core\jackson-core\2.18.3\jackson-core-2.18.3.jar;C:\Users\AGOUROU GUSTAVE\.m2\repository\org\mapstruct\mapstruct\1.6.3\mapstruct-1.6.3.jar;C:\Users\AGOUROU GUSTAVE\.m2\repository\org\mapstruct\mapstruct-processor\1.6.3\mapstruct-processor-1.6.3.jar;"/>
    <property name="java.vm.vendor" value="Eclipse Adoptium"/>
    <property name="sun.arch.data.model" value="64"/>
    <property name="user.variant" value=""/>
    <property name="java.vendor.url" value="https://adoptium.net/"/>
    <property name="user.timezone" value="Europe/Paris"/>
    <property name="org.jboss.logging.provider" value="slf4j"/>
    <property name="user.country.format" value="NC"/>
    <property name="os.name" value="Windows 10"/>
    <property name="java.vm.specification.version" value="17"/>
    <property name="APPLICATION_NAME" value="OC_P6"/>
    <property name="sun.java.launcher" value="SUN_STANDARD"/>
    <property name="user.country" value="FR"/>
    <property name="sun.boot.library.path" value="C:\Users\AGOUROU GUSTAVE\AppData\Roaming\Code\User\globalStorage\pleiades.java-extension-pack-jdk\java\17\bin"/>
    <property name="sun.java.command" value="C:\Users\AGOUROU GUSTAVE\AppData\Local\Temp\surefire17309190729575306704\surefirebooter-20250511064654090_3.jar C:\Users\AGOUROU GUSTAVE\AppData\Local\Temp\surefire17309190729575306704 2025-05-11T06-46-53_682-jvmRun1 surefire-20250511064654090_1tmp surefire_0-20250511064654090_2tmp"/>
    <property name="jdk.debug" value="release"/>
    <property name="surefire.test.class.path" value="C:\Users\AGOUROU GUSTAVE\Downloads\Open Classroom\P6\OC_P6\target\test-classes;C:\Users\AGOUROU GUSTAVE\Downloads\Open Classroom\P6\OC_P6\target\classes;C:\Users\AGOUROU GUSTAVE\.m2\repository\org\springframework\boot\spring-boot-starter-web\3.4.5\spring-boot-starter-web-3.4.5.jar;C:\Users\AGOUROU GUSTAVE\.m2\repository\org\springframework\boot\spring-boot-starter\3.4.5\spring-boot-starter-3.4.5.jar;C:\Users\AGOUROU GUSTAVE\.m2\repository\org\springframework\boot\spring-boot-starter-logging\3.4.5\spring-boot-starter-logging-3.4.5.jar;C:\Users\AGOUROU GUSTAVE\.m2\repository\ch\qos\logback\logback-classic\1.5.18\logback-classic-1.5.18.jar;C:\Users\AGOUROU GUSTAVE\.m2\repository\ch\qos\logback\logback-core\1.5.18\logback-core-1.5.18.jar;C:\Users\AGOUROU GUSTAVE\.m2\repository\org\apache\logging\log4j\log4j-to-slf4j\2.24.3\log4j-to-slf4j-2.24.3.jar;C:\Users\AGOUROU GUSTAVE\.m2\repository\org\apache\logging\log4j\log4j-api\2.24.3\log4j-api-2.24.3.jar;C:\Users\AGOUROU GUSTAVE\.m2\repository\org\slf4j\jul-to-slf4j\2.0.17\jul-to-slf4j-2.0.17.jar;C:\Users\AGOUROU GUSTAVE\.m2\repository\jakarta\annotation\jakarta.annotation-api\2.1.1\jakarta.annotation-api-2.1.1.jar;C:\Users\AGOUROU GUSTAVE\.m2\repository\org\yaml\snakeyaml\2.3\snakeyaml-2.3.jar;C:\Users\AGOUROU GUSTAVE\.m2\repository\org\springframework\boot\spring-boot-starter-json\3.4.5\spring-boot-starter-json-3.4.5.jar;C:\Users\AGOUROU GUSTAVE\.m2\repository\com\fasterxml\jackson\datatype\jackson-datatype-jdk8\2.18.3\jackson-datatype-jdk8-2.18.3.jar;C:\Users\AGOUROU GUSTAVE\.m2\repository\com\fasterxml\jackson\datatype\jackson-datatype-jsr310\2.18.3\jackson-datatype-jsr310-2.18.3.jar;C:\Users\AGOUROU GUSTAVE\.m2\repository\com\fasterxml\jackson\module\jackson-module-parameter-names\2.18.3\jackson-module-parameter-names-2.18.3.jar;C:\Users\AGOUROU GUSTAVE\.m2\repository\org\springframework\boot\spring-boot-starter-tomcat\3.4.5\spring-boot-starter-tomcat-3.4.5.jar;C:\Users\AGOUROU GUSTAVE\.m2\repository\org\apache\tomcat\embed\tomcat-embed-core\10.1.40\tomcat-embed-core-10.1.40.jar;C:\Users\AGOUROU GUSTAVE\.m2\repository\org\apache\tomcat\embed\tomcat-embed-websocket\10.1.40\tomcat-embed-websocket-10.1.40.jar;C:\Users\AGOUROU GUSTAVE\.m2\repository\org\springframework\spring-web\6.2.6\spring-web-6.2.6.jar;C:\Users\AGOUROU GUSTAVE\.m2\repository\org\springframework\spring-beans\6.2.6\spring-beans-6.2.6.jar;C:\Users\AGOUROU GUSTAVE\.m2\repository\org\springframework\spring-webmvc\6.2.6\spring-webmvc-6.2.6.jar;C:\Users\AGOUROU GUSTAVE\.m2\repository\org\springframework\spring-context\6.2.6\spring-context-6.2.6.jar;C:\Users\AGOUROU GUSTAVE\.m2\repository\org\springframework\spring-expression\6.2.6\spring-expression-6.2.6.jar;C:\Users\AGOUROU GUSTAVE\.m2\repository\org\springframework\boot\spring-boot-starter-data-jpa\3.4.5\spring-boot-starter-data-jpa-3.4.5.jar;C:\Users\AGOUROU GUSTAVE\.m2\repository\org\springframework\boot\spring-boot-starter-jdbc\3.4.5\spring-boot-starter-jdbc-3.4.5.jar;C:\Users\AGOUROU GUSTAVE\.m2\repository\com\zaxxer\HikariCP\5.1.0\HikariCP-5.1.0.jar;C:\Users\AGOUROU GUSTAVE\.m2\repository\org\springframework\spring-jdbc\6.2.6\spring-jdbc-6.2.6.jar;C:\Users\AGOUROU GUSTAVE\.m2\repository\org\hibernate\orm\hibernate-core\6.6.13.Final\hibernate-core-6.6.13.Final.jar;C:\Users\AGOUROU GUSTAVE\.m2\repository\jakarta\persistence\jakarta.persistence-api\3.1.0\jakarta.persistence-api-3.1.0.jar;C:\Users\AGOUROU GUSTAVE\.m2\repository\jakarta\transaction\jakarta.transaction-api\2.0.1\jakarta.transaction-api-2.0.1.jar;C:\Users\AGOUROU GUSTAVE\.m2\repository\org\jboss\logging\jboss-logging\3.6.1.Final\jboss-logging-3.6.1.Final.jar;C:\Users\AGOUROU GUSTAVE\.m2\repository\org\hibernate\common\hibernate-commons-annotations\7.0.3.Final\hibernate-commons-annotations-7.0.3.Final.jar;C:\Users\AGOUROU GUSTAVE\.m2\repository\io\smallrye\jandex\3.2.0\jandex-3.2.0.jar;C:\Users\AGOUROU GUSTAVE\.m2\repository\com\fasterxml\classmate\1.7.0\classmate-1.7.0.jar;C:\Users\AGOUROU GUSTAVE\.m2\repository\net\bytebuddy\byte-buddy\1.15.11\byte-buddy-1.15.11.jar;C:\Users\AGOUROU GUSTAVE\.m2\repository\org\glassfish\jaxb\jaxb-runtime\4.0.5\jaxb-runtime-4.0.5.jar;C:\Users\AGOUROU GUSTAVE\.m2\repository\org\glassfish\jaxb\jaxb-core\4.0.5\jaxb-core-4.0.5.jar;C:\Users\AGOUROU GUSTAVE\.m2\repository\org\eclipse\angus\angus-activation\2.0.2\angus-activation-2.0.2.jar;C:\Users\AGOUROU GUSTAVE\.m2\repository\org\glassfish\jaxb\txw2\4.0.5\txw2-4.0.5.jar;C:\Users\AGOUROU GUSTAVE\.m2\repository\com\sun\istack\istack-commons-runtime\4.1.2\istack-commons-runtime-4.1.2.jar;C:\Users\AGOUROU GUSTAVE\.m2\repository\jakarta\inject\jakarta.inject-api\2.0.1\jakarta.inject-api-2.0.1.jar;C:\Users\AGOUROU GUSTAVE\.m2\repository\org\antlr\antlr4-runtime\4.13.0\antlr4-runtime-4.13.0.jar;C:\Users\AGOUROU GUSTAVE\.m2\repository\org\springframework\data\spring-data-jpa\3.4.5\spring-data-jpa-3.4.5.jar;C:\Users\AGOUROU GUSTAVE\.m2\repository\org\springframework\data\spring-data-commons\3.4.5\spring-data-commons-3.4.5.jar;C:\Users\AGOUROU GUSTAVE\.m2\repository\org\springframework\spring-orm\6.2.6\spring-orm-6.2.6.jar;C:\Users\AGOUROU GUSTAVE\.m2\repository\org\springframework\spring-tx\6.2.6\spring-tx-6.2.6.jar;C:\Users\AGOUROU GUSTAVE\.m2\repository\org\slf4j\slf4j-api\2.0.17\slf4j-api-2.0.17.jar;C:\Users\AGOUROU GUSTAVE\.m2\repository\org\springframework\spring-aspects\6.2.6\spring-aspects-6.2.6.jar;C:\Users\AGOUROU GUSTAVE\.m2\repository\org\aspectj\aspectjweaver\1.9.24\aspectjweaver-1.9.24.jar;C:\Users\AGOUROU GUSTAVE\.m2\repository\org\springframework\boot\spring-boot-starter-security\3.4.5\spring-boot-starter-security-3.4.5.jar;C:\Users\AGOUROU GUSTAVE\.m2\repository\org\springframework\spring-aop\6.2.6\spring-aop-6.2.6.jar;C:\Users\AGOUROU GUSTAVE\.m2\repository\org\springframework\security\spring-security-config\6.4.5\spring-security-config-6.4.5.jar;C:\Users\AGOUROU GUSTAVE\.m2\repository\org\springframework\security\spring-security-web\6.4.5\spring-security-web-6.4.5.jar;C:\Users\AGOUROU GUSTAVE\.m2\repository\org\springframework\boot\spring-boot-starter-actuator\3.4.5\spring-boot-starter-actuator-3.4.5.jar;C:\Users\AGOUROU GUSTAVE\.m2\repository\org\springframework\boot\spring-boot-actuator-autoconfigure\3.4.5\spring-boot-actuator-autoconfigure-3.4.5.jar;C:\Users\AGOUROU GUSTAVE\.m2\repository\org\springframework\boot\spring-boot-actuator\3.4.5\spring-boot-actuator-3.4.5.jar;C:\Users\AGOUROU GUSTAVE\.m2\repository\io\micrometer\micrometer-observation\1.14.6\micrometer-observation-1.14.6.jar;C:\Users\AGOUROU GUSTAVE\.m2\repository\io\micrometer\micrometer-commons\1.14.6\micrometer-commons-1.14.6.jar;C:\Users\AGOUROU GUSTAVE\.m2\repository\io\micrometer\micrometer-jakarta9\1.14.6\micrometer-jakarta9-1.14.6.jar;C:\Users\AGOUROU GUSTAVE\.m2\repository\io\micrometer\micrometer-core\1.14.6\micrometer-core-1.14.6.jar;C:\Users\AGOUROU GUSTAVE\.m2\repository\org\hdrhistogram\HdrHistogram\2.2.2\HdrHistogram-2.2.2.jar;C:\Users\AGOUROU GUSTAVE\.m2\repository\org\latencyutils\LatencyUtils\2.0.3\LatencyUtils-2.0.3.jar;C:\Users\AGOUROU GUSTAVE\.m2\repository\org\springframework\boot\spring-boot-starter-thymeleaf\3.4.5\spring-boot-starter-thymeleaf-3.4.5.jar;C:\Users\AGOUROU GUSTAVE\.m2\repository\org\thymeleaf\thymeleaf-spring6\3.1.3.RELEASE\thymeleaf-spring6-3.1.3.RELEASE.jar;C:\Users\AGOUROU GUSTAVE\.m2\repository\org\thymeleaf\thymeleaf\3.1.3.RELEASE\thymeleaf-3.1.3.RELEASE.jar;C:\Users\AGOUROU GUSTAVE\.m2\repository\org\attoparser\attoparser\2.0.7.RELEASE\attoparser-2.0.7.RELEASE.jar;C:\Users\AGOUROU GUSTAVE\.m2\repository\org\unbescape\unbescape\1.1.6.RELEASE\unbescape-1.1.6.RELEASE.jar;C:\Users\AGOUROU GUSTAVE\.m2\repository\org\springframework\boot\spring-boot-starter-validation\3.4.5\spring-boot-starter-validation-3.4.5.jar;C:\Users\AGOUROU GUSTAVE\.m2\repository\org\apache\tomcat\embed\tomcat-embed-el\10.1.40\tomcat-embed-el-10.1.40.jar;C:\Users\AGOUROU GUSTAVE\.m2\repository\org\hibernate\validator\hibernate-validator\8.0.2.Final\hibernate-validator-8.0.2.Final.jar;C:\Users\AGOUROU GUSTAVE\.m2\repository\jakarta\validation\jakarta.validation-api\3.0.2\jakarta.validation-api-3.0.2.jar;C:\Users\AGOUROU GUSTAVE\.m2\repository\org\springframework\boot\spring-boot-devtools\3.4.5\spring-boot-devtools-3.4.5.jar;C:\Users\AGOUROU GUSTAVE\.m2\repository\org\springframework\boot\spring-boot\3.4.5\spring-boot-3.4.5.jar;C:\Users\AGOUROU GUSTAVE\.m2\repository\org\springframework\boot\spring-boot-autoconfigure\3.4.5\spring-boot-autoconfigure-3.4.5.jar;C:\Users\AGOUROU GUSTAVE\.m2\repository\org\projectlombok\lombok\1.18.38\lombok-1.18.38.jar;C:\Users\AGOUROU GUSTAVE\.m2\repository\com\mysql\mysql-connector-j\9.1.0\mysql-connector-j-9.1.0.jar;C:\Users\AGOUROU GUSTAVE\.m2\repository\org\springframework\boot\spring-boot-starter-test\3.4.5\spring-boot-starter-test-3.4.5.jar;C:\Users\AGOUROU GUSTAVE\.m2\repository\org\springframework\boot\spring-boot-test\3.4.5\spring-boot-test-3.4.5.jar;C:\Users\AGOUROU GUSTAVE\.m2\repository\org\springframework\boot\spring-boot-test-autoconfigure\3.4.5\spring-boot-test-autoconfigure-3.4.5.jar;C:\Users\AGOUROU GUSTAVE\.m2\repository\com\jayway\jsonpath\json-path\2.9.0\json-path-2.9.0.jar;C:\Users\AGOUROU GUSTAVE\.m2\repository\jakarta\xml\bind\jakarta.xml.bind-api\4.0.2\jakarta.xml.bind-api-4.0.2.jar;C:\Users\AGOUROU GUSTAVE\.m2\repository\jakarta\activation\jakarta.activation-api\2.1.3\jakarta.activation-api-2.1.3.jar;C:\Users\AGOUROU GUSTAVE\.m2\repository\net\minidev\json-smart\2.5.2\json-smart-2.5.2.jar;C:\Users\AGOUROU GUSTAVE\.m2\repository\net\minidev\accessors-smart\2.5.2\accessors-smart-2.5.2.jar;C:\Users\AGOUROU GUSTAVE\.m2\repository\org\ow2\asm\asm\9.7.1\asm-9.7.1.jar;C:\Users\AGOUROU GUSTAVE\.m2\repository\org\assertj\assertj-core\3.26.3\assertj-core-3.26.3.jar;C:\Users\AGOUROU GUSTAVE\.m2\repository\org\awaitility\awaitility\4.2.2\awaitility-4.2.2.jar;C:\Users\AGOUROU GUSTAVE\.m2\repository\org\hamcrest\hamcrest\2.2\hamcrest-2.2.jar;C:\Users\AGOUROU GUSTAVE\.m2\repository\org\junit\jupiter\junit-jupiter\5.11.4\junit-jupiter-5.11.4.jar;C:\Users\AGOUROU GUSTAVE\.m2\repository\org\junit\jupiter\junit-jupiter-api\5.11.4\junit-jupiter-api-5.11.4.jar;C:\Users\AGOUROU GUSTAVE\.m2\repository\org\opentest4j\opentest4j\1.3.0\opentest4j-1.3.0.jar;C:\Users\AGOUROU GUSTAVE\.m2\repository\org\junit\platform\junit-platform-commons\1.11.4\junit-platform-commons-1.11.4.jar;C:\Users\AGOUROU GUSTAVE\.m2\repository\org\apiguardian\apiguardian-api\1.1.2\apiguardian-api-1.1.2.jar;C:\Users\AGOUROU GUSTAVE\.m2\repository\org\junit\jupiter\junit-jupiter-params\5.11.4\junit-jupiter-params-5.11.4.jar;C:\Users\AGOUROU GUSTAVE\.m2\repository\org\junit\jupiter\junit-jupiter-engine\5.11.4\junit-jupiter-engine-5.11.4.jar;C:\Users\AGOUROU GUSTAVE\.m2\repository\org\junit\platform\junit-platform-engine\1.11.4\junit-platform-engine-1.11.4.jar;C:\Users\AGOUROU GUSTAVE\.m2\repository\org\mockito\mockito-core\5.14.2\mockito-core-5.14.2.jar;C:\Users\AGOUROU GUSTAVE\.m2\repository\net\bytebuddy\byte-buddy-agent\1.15.11\byte-buddy-agent-1.15.11.jar;C:\Users\AGOUROU GUSTAVE\.m2\repository\org\objenesis\objenesis\3.3\objenesis-3.3.jar;C:\Users\AGOUROU GUSTAVE\.m2\repository\org\mockito\mockito-junit-jupiter\5.14.2\mockito-junit-jupiter-5.14.2.jar;C:\Users\AGOUROU GUSTAVE\.m2\repository\org\skyscreamer\jsonassert\1.5.3\jsonassert-1.5.3.jar;C:\Users\AGOUROU GUSTAVE\.m2\repository\com\vaadin\external\google\android-json\0.0.20131108.vaadin1\android-json-0.0.20131108.vaadin1.jar;C:\Users\AGOUROU GUSTAVE\.m2\repository\org\springframework\spring-core\6.2.6\spring-core-6.2.6.jar;C:\Users\AGOUROU GUSTAVE\.m2\repository\org\springframework\spring-jcl\6.2.6\spring-jcl-6.2.6.jar;C:\Users\AGOUROU GUSTAVE\.m2\repository\org\springframework\spring-test\6.2.6\spring-test-6.2.6.jar;C:\Users\AGOUROU GUSTAVE\.m2\repository\org\xmlunit\xmlunit-core\2.10.0\xmlunit-core-2.10.0.jar;C:\Users\AGOUROU GUSTAVE\.m2\repository\org\springframework\security\spring-security-test\6.4.5\spring-security-test-6.4.5.jar;C:\Users\AGOUROU GUSTAVE\.m2\repository\org\springframework\security\spring-security-core\6.4.5\spring-security-core-6.4.5.jar;C:\Users\AGOUROU GUSTAVE\.m2\repository\org\springframework\security\spring-security-crypto\6.4.5\spring-security-crypto-6.4.5.jar;C:\Users\AGOUROU GUSTAVE\.m2\repository\io\jsonwebtoken\jjwt-api\0.12.6\jjwt-api-0.12.6.jar;C:\Users\AGOUROU GUSTAVE\.m2\repository\io\jsonwebtoken\jjwt-impl\0.12.6\jjwt-impl-0.12.6.jar;C:\Users\AGOUROU GUSTAVE\.m2\repository\io\jsonwebtoken\jjwt-jackson\0.12.6\jjwt-jackson-0.12.6.jar;C:\Users\AGOUROU GUSTAVE\.m2\repository\com\fasterxml\jackson\core\jackson-databind\2.18.3\jackson-databind-2.18.3.jar;C:\Users\AGOUROU GUSTAVE\.m2\repository\com\fasterxml\jackson\core\jackson-annotations\2.18.3\jackson-annotations-2.18.3.jar;C:\Users\AGOUROU GUSTAVE\.m2\repository\com\fasterxml\jackson\core\jackson-core\2.18.3\jackson-core-2.18.3.jar;C:\Users\AGOUROU GUSTAVE\.m2\repository\org\mapstruct\mapstruct\1.6.3\mapstruct-1.6.3.jar;C:\Users\AGOUROU GUSTAVE\.m2\repository\org\mapstruct\mapstruct-processor\1.6.3\mapstruct-processor-1.6.3.jar;"/>
    <property name="sun.cpu.endian" value="little"/>
    <property name="user.home" value="C:\Users\AGOUROU GUSTAVE"/>
    <property name="user.language" value="fr"/>
    <property name="java.specification.vendor" value="Oracle Corporation"/>
    <property name="java.version.date" value="2025-04-15"/>
    <property name="java.home" value="C:\Users\AGOUROU GUSTAVE\AppData\Roaming\Code\User\globalStorage\pleiades.java-extension-pack-jdk\java\17"/>
    <property name="file.separator" value="\"/>
    <property name="basedir" value="C:\Users\AGOUROU GUSTAVE\Downloads\Open Classroom\P6\OC_P6"/>
    <property name="java.vm.compressedOopsMode" value="32-bit"/>
    <property name="line.separator" value="&#10;"/>
    <property name="java.vm.specification.vendor" value="Oracle Corporation"/>
    <property name="java.specification.name" value="Java Platform API Specification"/>
    <property name="FILE_LOG_CHARSET" value="windows-1252"/>
    <property name="java.awt.headless" value="true"/>
    <property name="surefire.real.class.path" value="C:\Users\AGOUROU GUSTAVE\AppData\Local\Temp\surefire17309190729575306704\surefirebooter-20250511064654090_3.jar"/>
    <property name="user.script" value=""/>
    <property name="sun.management.compiler" value="HotSpot 64-Bit Tiered Compilers"/>
    <property name="java.runtime.version" value="17.0.15+6"/>
    <property name="user.name" value="AGOUROU GUSTAVE"/>
    <property name="path.separator" value=";"/>
    <property name="os.version" value="10.0"/>
    <property name="java.runtime.name" value="OpenJDK Runtime Environment"/>
    <property name="file.encoding" value="Cp1252"/>
    <property name="java.vm.name" value="OpenJDK 64-Bit Server VM"/>
    <property name="java.vendor.version" value="Temurin-17.0.15+6"/>
    <property name="localRepository" value="C:\Users\AGOUROU GUSTAVE\.m2\repository"/>
    <property name="java.vendor.url.bug" value="https://github.com/adoptium/adoptium-support/issues"/>
    <property name="java.io.tmpdir" value="C:\Users\AGOURO~1\AppData\Local\Temp\"/>
    <property name="com.zaxxer.hikari.pool_number" value="2"/>
    <property name="java.version" value="17.0.15"/>
    <property name="user.dir" value="C:\Users\AGOUROU GUSTAVE\Downloads\Open Classroom\P6\OC_P6"/>
    <property name="os.arch" value="amd64"/>
    <property name="java.vm.specification.name" value="Java Virtual Machine Specification"/>
    <property name="PID" value="17336"/>
    <property name="sun.os.patch.level" value=""/>
    <property name="CONSOLE_LOG_CHARSET" value="windows-1252"/>
    <property name="native.encoding" value="Cp1252"/>
    <property name="java.library.path" value="C:\Users\AGOUROU GUSTAVE\AppData\Roaming\Code\User\globalStorage\pleiades.java-extension-pack-jdk\java\17\bin;C:\WINDOWS\Sun\Java\bin;C:\WINDOWS\system32;C:\WINDOWS;C:\Users\AGOUROU GUSTAVE\AppData\Roaming\Code\User\globalStorage\pleiades.java-extension-pack-jdk\gradle\latest\bin;C:\Program Files\apache-maven-3.9.9\bin;C:\Users\AGOUROU GUSTAVE\AppData\Roaming\Code\User\globalStorage\pleiades.java-extension-pack-jdk\java\17\bin;C:\Users\AGOUROU GUSTAVE\Downloads\apache-maven-3.9.9-bin\apache-maven-3.9.9\bin;C:\Program Files\Eclipse Adoptium\jdk-17.0.15+6\bin;C:\Program Files\Common Files\Oracle\Java\javapath;C:\Program Files (x86)\Intel\iCLS Client\;C:\Program Files\Intel\iCLS Client\;C:\WINDOWS\system32;C:\WINDOWS;C:\WINDOWS\System32\Wbem;C:\WINDOWS\System32\WindowsPowerShell\v1.0\;C:\WINDOWS\System32\OpenSSH\;C:\Program Files (x86)\Intel\Intel(R) Management Engine Components\DAL;C:\Program Files\Intel\Intel(R) Management Engine Components\DAL;C:\Program Files (x86)\Intel\Intel(R) Management Engine Components\IPT;C:\Program Files\Intel\Intel(R) Management Engine Components\IPT;C:\Users\AGOUROU GUSTAVE\Downloads\platform-tools_r34.0.3-windows\platform-tools;C:\Program Files\mingw64\bin;C:\Program Files\Git\cmd;C:\Program Files\apache-maven-3.9.9\bin;C:\Program Files\JavaUSBComplete\bin;C:\Windows\Installer\{5D847F4E-C86E-4EEC-8E84-E13E00C48891};C:\Program Files\MySQL\MySQL Server 8.0\bin;C:\Program Files\OpenSSL-Win64\bin;;c:\Users\AGOUROU GUSTAVE\AppData\Roaming\Code\User\globalStorage\github.copilot-chat\debugCommand;."/>
    <property name="java.vm.info" value="mixed mode, sharing"/>
    <property name="java.vendor" value="Eclipse Adoptium"/>
    <property name="java.vm.version" value="17.0.15+6"/>
    <property name="java.specification.maintenance.version" value="1"/>
    <property name="sun.io.unicode.encoding" value="UnicodeLittle"/>
    <property name="java.class.version" value="61.0"/>
    <property name="LOGGED_APPLICATION_NAME" value="[OC_P6] "/>
  </properties>
  <testcase name="testPay_SuccessfulTransaction" classname="com.pay_my_buddy.OC_P6.unitaire.controller.TransactionControllerTest" time="0.318">
    <system-out><![CDATA[2025-05-11T06:48:35.382+02:00 DEBUG 17336 --- [OC_P6] [           main] .b.t.c.SpringBootTestContextBootstrapper : Neither @ContextConfiguration nor @ContextHierarchy found for test class [TransactionControllerTest]: using SpringBootContextLoader
2025-05-11T06:48:35.385+02:00 DEBUG 17336 --- [OC_P6] [           main] o.s.t.c.support.AbstractContextLoader    : Could not detect default resource locations for test class [com.pay_my_buddy.OC_P6.unitaire.controller.TransactionControllerTest]: no resource found for suffixes {-context.xml, Context.groovy}.
2025-05-11T06:48:35.385+02:00  INFO 17336 --- [OC_P6] [           main] t.c.s.AnnotationConfigContextLoaderUtils : Could not detect default configuration classes for test class [com.pay_my_buddy.OC_P6.unitaire.controller.TransactionControllerTest]: TransactionControllerTest does not declare any static, non-private, non-final, nested classes annotated with @Configuration.
2025-05-11T06:48:35.386+02:00 DEBUG 17336 --- [OC_P6] [           main] .b.t.c.SpringBootTestContextBootstrapper : Using ContextCustomizerFactory implementations for test class [TransactionControllerTest]: [ImportsContextCustomizerFactory, ExcludeFilterContextCustomizerFactory, HttpGraphQlTesterContextCustomizerFactory, DuplicateJsonObjectContextCustomizerFactory, MockitoContextCustomizerFactory, TestRestTemplateContextCustomizerFactory, WebTestClientContextCustomizerFactory, DisableReactorResourceFactoryGlobalResourcesContextCustomizerFactory, OnFailureConditionReportContextCustomizerFactory, OverrideAutoConfigurationContextCustomizerFactory, ObservabilityContextCustomizerFactory, TypeExcludeFiltersContextCustomizerFactory, PropertyMappingContextCustomizerFactory, WebDriverContextCustomizerFactory, BeanOverrideContextCustomizerFactory, MockServerContainerContextCustomizerFactory, DynamicPropertiesContextCustomizerFactory]
2025-05-11T06:48:35.396+02:00 DEBUG 17336 --- [OC_P6] [           main] .b.t.c.SpringBootTestContextBootstrapper : Using ContextCustomizers for test class [TransactionControllerTest]: [ImportsContextCustomizer, ExcludeFilterContextCustomizer, DuplicateJsonObjectContextCustomizer, MockitoContextCustomizer, TestRestTemplateContextCustomizer, DisableReactorResourceFactoryGlobalResourcesContextCustomizerCustomizer, OnFailureConditionReportContextCustomizer, DisableObservabilityContextCustomizer, PropertyMappingContextCustomizer, WebDriverContextCustomizer, DynamicPropertiesContextCustomizer]
2025-05-11T06:48:35.398+02:00  INFO 17336 --- [OC_P6] [           main] .b.t.c.SpringBootTestContextBootstrapper : Found @SpringBootConfiguration com.pay_my_buddy.OC_P6.OcP6Application for test class com.pay_my_buddy.OC_P6.unitaire.controller.TransactionControllerTest
2025-05-11T06:48:35.420+02:00 DEBUG 17336 --- [OC_P6] [           main] .s.t.c.u.TestContextSpringFactoriesUtils : Skipping candidate TestExecutionListener [org.springframework.test.context.observation.MicrometerObservationRegistryTestExecutionListener] due to a missing dependency. Specify custom TestExecutionListener classes or make the default TestExecutionListener classes and their required dependencies available. Offending class: io.micrometer.context.ThreadLocalAccessor. MicrometerObservationRegistryTestExecutionListener requires io.micrometer:micrometer-observation:1.10.8 or higher and io.micrometer:context-propagation:1.0.3 or higher.
2025-05-11T06:48:35.426+02:00 DEBUG 17336 --- [OC_P6] [           main] .b.t.c.SpringBootTestContextBootstrapper : Using TestExecutionListeners for test class [TransactionControllerTest]: [ServletTestExecutionListener, DirtiesContextBeforeModesTestExecutionListener, ApplicationEventsTestExecutionListener, MockitoTestExecutionListener, BeanOverrideTestExecutionListener, DependencyInjectionTestExecutionListener, DirtiesContextTestExecutionListener, CommonCachesTestExecutionListener, TransactionalTestExecutionListener, SqlScriptsTestExecutionListener, EventPublishingTestExecutionListener, WithSecurityContextTestExecutionListener, ReactorContextTestExecutionListener, ResetMocksTestExecutionListener, RestDocsTestExecutionListener, MockRestServiceServerResetTestExecutionListener, MockMvcPrintOnlyOnFailureTestExecutionListener, WebDriverTestExecutionListener, MockWebServiceServerTestExecutionListener, MockitoResetTestExecutionListener]
2025-05-11T06:48:35.427+02:00 DEBUG 17336 --- [OC_P6] [           main] sContextBeforeModesTestExecutionListener : Before test class: class [TransactionControllerTest], class annotated with @DirtiesContext [false] with mode [null]
2025-05-11T06:48:35.427+02:00 DEBUG 17336 --- [OC_P6] [           main] org.springframework.test.context.cache   : Spring test ApplicationContext cache statistics: [DefaultContextCache@666d47be size = 4, maxSize = 32, parentContextCount = 0, hitCount = 176, missCount = 4, failureCount = 0]
2025-05-11T06:48:35.430+02:00 DEBUG 17336 --- [OC_P6] [           main] org.springframework.test.context.cache   : Spring test ApplicationContext cache statistics: [DefaultContextCache@666d47be size = 4, maxSize = 32, parentContextCount = 0, hitCount = 177, missCount = 4, failureCount = 0]
2025-05-11T06:48:35.431+02:00 DEBUG 17336 --- [OC_P6] [           main] o.s.t.c.w.ServletTestExecutionListener   : Setting up MockHttpServletRequest, MockHttpServletResponse, ServletWebRequest, and RequestContextHolder for test class com.pay_my_buddy.OC_P6.unitaire.controller.TransactionControllerTest
2025-05-11T06:48:35.702+02:00 DEBUG 17336 --- [OC_P6] [           main] DependencyInjectionTestExecutionListener : Performing dependency injection for test class com.pay_my_buddy.OC_P6.unitaire.controller.TransactionControllerTest
2025-05-11T06:48:35.702+02:00 DEBUG 17336 --- [OC_P6] [           main] org.springframework.test.context.cache   : Spring test ApplicationContext cache statistics: [DefaultContextCache@666d47be size = 4, maxSize = 32, parentContextCount = 0, hitCount = 178, missCount = 4, failureCount = 0]
2025-05-11T06:48:35.705+02:00 DEBUG 17336 --- [OC_P6] [           main] org.springframework.test.context.cache   : Spring test ApplicationContext cache statistics: [DefaultContextCache@666d47be size = 4, maxSize = 32, parentContextCount = 0, hitCount = 179, missCount = 4, failureCount = 0]
2025-05-11T06:48:35.708+02:00 DEBUG 17336 --- [OC_P6] [           main] sContextBeforeModesTestExecutionListener : Before test method: class [TransactionControllerTest], method [testPay_SuccessfulTransaction], class annotated with @DirtiesContext [false] with mode [null], method annotated with @DirtiesContext [false] with mode [null]
2025-05-11T06:48:35.708+02:00 DEBUG 17336 --- [OC_P6] [           main] org.springframework.test.context.cache   : Spring test ApplicationContext cache statistics: [DefaultContextCache@666d47be size = 4, maxSize = 32, parentContextCount = 0, hitCount = 180, missCount = 4, failureCount = 0]
2025-05-11T06:48:35.709+02:00 DEBUG 17336 --- [OC_P6] [           main] org.springframework.test.context.cache   : Spring test ApplicationContext cache statistics: [DefaultContextCache@666d47be size = 4, maxSize = 32, parentContextCount = 0, hitCount = 181, missCount = 4, failureCount = 0]
2025-05-11T06:48:35.723+02:00 DEBUG 17336 --- [OC_P6] [           main] org.springframework.test.context.cache   : Spring test ApplicationContext cache statistics: [DefaultContextCache@666d47be size = 4, maxSize = 32, parentContextCount = 0, hitCount = 182, missCount = 4, failureCount = 0]
2025-05-11T06:48:35.724+02:00 DEBUG 17336 --- [OC_P6] [           main] org.springframework.test.context.cache   : Spring test ApplicationContext cache statistics: [DefaultContextCache@666d47be size = 4, maxSize = 32, parentContextCount = 0, hitCount = 183, missCount = 4, failureCount = 0]
2025-05-11T06:48:35.735+02:00 DEBUG 17336 --- [OC_P6] [           main] org.springframework.test.context.cache   : Spring test ApplicationContext cache statistics: [DefaultContextCache@666d47be size = 4, maxSize = 32, parentContextCount = 0, hitCount = 184, missCount = 4, failureCount = 0]
2025-05-11T06:48:35.897+02:00 DEBUG 17336 --- [OC_P6] [           main] s.w.s.m.m.a.RequestMappingHandlerMapping : 3 mappings in org.springframework.web.servlet.mvc.method.annotation.RequestMappingHandlerMapping
2025-05-11T06:48:35.907+02:00 DEBUG 17336 --- [OC_P6] [           main] s.w.s.m.m.a.RequestMappingHandlerAdapter : ControllerAdvice beans: 0 @ModelAttribute, 0 @InitBinder, 1 RequestBodyAdvice, 1 ResponseBodyAdvice
2025-05-11T06:48:35.908+02:00 DEBUG 17336 --- [OC_P6] [           main] .m.m.a.ExceptionHandlerExceptionResolver : ControllerAdvice beans: 0 @ExceptionHandler, 1 ResponseBodyAdvice
2025-05-11T06:48:35.909+02:00  INFO 17336 --- [OC_P6] [           main] o.s.mock.web.MockServletContext          : Initializing Spring TestDispatcherServlet ''
2025-05-11T06:48:35.910+02:00  INFO 17336 --- [OC_P6] [           main] o.s.t.web.servlet.TestDispatcherServlet  : Initializing Servlet ''
2025-05-11T06:48:35.911+02:00 DEBUG 17336 --- [OC_P6] [           main] o.s.t.web.servlet.TestDispatcherServlet  : Detected AcceptHeaderLocaleResolver
2025-05-11T06:48:35.911+02:00 DEBUG 17336 --- [OC_P6] [           main] o.s.t.web.servlet.TestDispatcherServlet  : Detected FixedThemeResolver
2025-05-11T06:48:35.912+02:00 DEBUG 17336 --- [OC_P6] [           main] o.s.t.web.servlet.TestDispatcherServlet  : Detected org.springframework.web.servlet.view.DefaultRequestToViewNameTranslator@6aeb8144
2025-05-11T06:48:35.912+02:00 DEBUG 17336 --- [OC_P6] [           main] o.s.t.web.servlet.TestDispatcherServlet  : Detected org.springframework.web.servlet.support.SessionFlashMapManager@333f0d46
2025-05-11T06:48:35.912+02:00 DEBUG 17336 --- [OC_P6] [           main] o.s.t.web.servlet.TestDispatcherServlet  : enableLoggingRequestDetails='false': request parameters and headers will be masked to prevent unsafe logging of potentially sensitive data
2025-05-11T06:48:35.912+02:00  INFO 17336 --- [OC_P6] [           main] o.s.t.web.servlet.TestDispatcherServlet  : Completed initialization in 2 ms
2025-05-11T06:48:35.914+02:00 DEBUG 17336 --- [OC_P6] [           main] org.springframework.test.context.cache   : Spring test ApplicationContext cache statistics: [DefaultContextCache@666d47be size = 4, maxSize = 32, parentContextCount = 0, hitCount = 185, missCount = 4, failureCount = 0]
2025-05-11T06:48:35.923+02:00 DEBUG 17336 --- [OC_P6] [           main] o.s.t.web.servlet.TestDispatcherServlet  : POST "/pay", parameters={masked}
2025-05-11T06:48:35.923+02:00 DEBUG 17336 --- [OC_P6] [           main] s.w.s.m.m.a.RequestMappingHandlerMapping : Mapped to com.pay_my_buddy.OC_P6.controller.TransactionController#pay(TransactionRequestDTO, UserDetailsImplements, RedirectAttributes)
2025-05-11T06:48:36.002+02:00 DEBUG 17336 --- [OC_P6] [           main] o.s.web.servlet.view.RedirectView        : View [RedirectView], model {}
2025-05-11T06:48:36.002+02:00 DEBUG 17336 --- [OC_P6] [           main] o.s.t.web.servlet.TestDispatcherServlet  : Completed 302 FOUND
2025-05-11T06:48:36.007+02:00 DEBUG 17336 --- [OC_P6] [           main] org.springframework.test.context.cache   : Spring test ApplicationContext cache statistics: [DefaultContextCache@666d47be size = 4, maxSize = 32, parentContextCount = 0, hitCount = 186, missCount = 4, failureCount = 0]
2025-05-11T06:48:36.009+02:00 DEBUG 17336 --- [OC_P6] [           main] org.springframework.test.context.cache   : Spring test ApplicationContext cache statistics: [DefaultContextCache@666d47be size = 4, maxSize = 32, parentContextCount = 0, hitCount = 187, missCount = 4, failureCount = 0]
2025-05-11T06:48:36.014+02:00 DEBUG 17336 --- [OC_P6] [           main] org.springframework.test.context.cache   : Spring test ApplicationContext cache statistics: [DefaultContextCache@666d47be size = 4, maxSize = 32, parentContextCount = 0, hitCount = 188, missCount = 4, failureCount = 0]
2025-05-11T06:48:36.014+02:00 DEBUG 17336 --- [OC_P6] [           main] org.springframework.test.context.cache   : Spring test ApplicationContext cache statistics: [DefaultContextCache@666d47be size = 4, maxSize = 32, parentContextCount = 0, hitCount = 189, missCount = 4, failureCount = 0]
2025-05-11T06:48:36.014+02:00 DEBUG 17336 --- [OC_P6] [           main] org.springframework.test.context.cache   : Spring test ApplicationContext cache statistics: [DefaultContextCache@666d47be size = 4, maxSize = 32, parentContextCount = 0, hitCount = 190, missCount = 4, failureCount = 0]
2025-05-11T06:48:36.016+02:00 DEBUG 17336 --- [OC_P6] [           main] org.springframework.test.context.cache   : Spring test ApplicationContext cache statistics: [DefaultContextCache@666d47be size = 4, maxSize = 32, parentContextCount = 0, hitCount = 191, missCount = 4, failureCount = 0]
2025-05-11T06:48:36.021+02:00 DEBUG 17336 --- [OC_P6] [           main] org.springframework.test.context.cache   : Spring test ApplicationContext cache statistics: [DefaultContextCache@666d47be size = 4, maxSize = 32, parentContextCount = 0, hitCount = 192, missCount = 4, failureCount = 0]
2025-05-11T06:48:36.022+02:00 DEBUG 17336 --- [OC_P6] [           main] org.springframework.test.context.cache   : Spring test ApplicationContext cache statistics: [DefaultContextCache@666d47be size = 4, maxSize = 32, parentContextCount = 0, hitCount = 193, missCount = 4, failureCount = 0]
2025-05-11T06:48:36.023+02:00 DEBUG 17336 --- [OC_P6] [           main] .c.s.DirtiesContextTestExecutionListener : After test method: class [TransactionControllerTest], method [testPay_SuccessfulTransaction], class annotated with @DirtiesContext [false] with mode [null], method annotated with @DirtiesContext [false] with mode [null]
2025-05-11T06:48:36.023+02:00 DEBUG 17336 --- [OC_P6] [           main] o.s.t.c.w.ServletTestExecutionListener   : Resetting RequestContextHolder for test class com.pay_my_buddy.OC_P6.unitaire.controller.TransactionControllerTest
]]></system-out>
  </testcase>
</testsuite>